2021-03-29 10:39:19.802067 (MainThread): Running with dbt=0.18.1
2021-03-29 10:39:20.064303 (MainThread): running dbt with arguments Namespace(cls=<class 'dbt.task.rpc.server.RPCServerTask'>, debug=False, defer=None, exclude=None, host='0.0.0.0', log_cache_events=False, log_format='default', models=None, partial_parse=True, port=8580, profile='user', profiles_dir='/usr/src/develop/.dbt', project_dir=None, record_timing_info=None, rpc_method=None, single_threaded=False, state=None, strict=False, target=None, test_new_parser=False, threads=None, use_cache=True, use_colors=None, vars='{}', version_check=True, warn_error=False, which='rpc', write_json=True)
2021-03-29 10:39:20.086255 (MainThread): Tracking: tracking
2021-03-29 10:39:20.086456 (MainThread): Sending event: {'category': 'dbt', 'action': 'invocation', 'label': 'start', 'context': [<snowplow_tracker.self_describing_json.SelfDescribingJson object at 0x7f0858330ee0>, <snowplow_tracker.self_describing_json.SelfDescribingJson object at 0x7f084a2e38b0>, <snowplow_tracker.self_describing_json.SelfDescribingJson object at 0x7f084a2e3310>]}
2021-03-29 10:39:20.086763 (MainThread): Serving RPC server at 0.0.0.0:8580, pid=15
2021-03-29 10:39:20.087104 (MainThread): Supported methods: ['cli_args', 'compile', 'compile_sql', 'deps', 'docs.generate', 'gc', 'get-manifest', 'kill', 'poll', 'ps', 'run', 'run-operation', 'run_sql', 'seed', 'snapshot', 'snapshot-freshness', 'status', 'test']
2021-03-29 10:39:20.087326 (MainThread): Send requests to http://localhost:8580/jsonrpc
2021-03-29 10:39:20.094010 (Thread-1): Parsing macros/adapters.sql
2021-03-29 10:39:20.122746 (Thread-1): Parsing macros/catalog.sql
2021-03-29 10:39:20.124664 (Thread-1): Parsing macros/materializations/table.sql
2021-03-29 10:39:20.128400 (Thread-1): Parsing macros/materializations/merge.sql
2021-03-29 10:39:20.130330 (Thread-1): Parsing macros/materializations/incremental.sql
2021-03-29 10:39:20.139019 (Thread-1): Parsing macros/materializations/view.sql
2021-03-29 10:39:20.141138 (Thread-1): Parsing macros/core.sql
2021-03-29 10:39:20.144617 (Thread-1): Parsing macros/materializations/helpers.sql
2021-03-29 10:39:20.153062 (Thread-1): Parsing macros/materializations/common/merge.sql
2021-03-29 10:39:20.166618 (Thread-1): Parsing macros/materializations/snapshot/snapshot_merge.sql
2021-03-29 10:39:20.168327 (Thread-1): Parsing macros/materializations/snapshot/strategies.sql
2021-03-29 10:39:20.187225 (Thread-1): Parsing macros/materializations/snapshot/snapshot.sql
2021-03-29 10:39:20.214951 (Thread-1): Parsing macros/materializations/view/create_or_replace_view.sql
2021-03-29 10:39:20.219749 (Thread-1): Parsing macros/materializations/view/view.sql
2021-03-29 10:39:20.225704 (Thread-1): Parsing macros/materializations/seed/seed.sql
2021-03-29 10:39:20.245383 (Thread-1): Parsing macros/materializations/table/table.sql
2021-03-29 10:39:20.251767 (Thread-1): Parsing macros/materializations/incremental/helpers.sql
2021-03-29 10:39:20.253527 (Thread-1): Parsing macros/materializations/incremental/incremental.sql
2021-03-29 10:39:20.259326 (Thread-1): Parsing macros/etc/is_incremental.sql
2021-03-29 10:39:20.260884 (Thread-1): Parsing macros/etc/query.sql
2021-03-29 10:39:20.261916 (Thread-1): Parsing macros/etc/datetime.sql
2021-03-29 10:39:20.270756 (Thread-1): Parsing macros/etc/get_custom_alias.sql
2021-03-29 10:39:20.271731 (Thread-1): Parsing macros/etc/get_custom_database.sql
2021-03-29 10:39:20.273348 (Thread-1): Parsing macros/etc/get_custom_schema.sql
2021-03-29 10:39:20.275311 (Thread-1): Parsing macros/schema_tests/not_null.sql
2021-03-29 10:39:20.276813 (Thread-1): Parsing macros/schema_tests/accepted_values.sql
2021-03-29 10:39:20.279458 (Thread-1): Parsing macros/schema_tests/relationships.sql
2021-03-29 10:39:20.281293 (Thread-1): Parsing macros/schema_tests/unique.sql
2021-03-29 10:39:20.283588 (Thread-1): Parsing macros/adapters/common.sql
2021-03-29 10:39:20.344524 (Thread-1): * Deprecation Warning: dbt v0.17.0 introduces a new config format for the
dbt_project.yml file. Support for the existing version 1 format will be removed
in a future release of dbt. The following packages are currently configured with
config version 1:
 - pet_store_bi

For upgrading instructions, consult the documentation:
  https://docs.getdbt.com/docs/guides/migration-guide/upgrading-to-0-17-0

2021-03-29 10:39:20.344925 (Thread-1): Sending event: {'category': 'dbt', 'action': 'deprecation', 'label': '7dc6a450-39d8-4972-9945-2a100f3b12bc', 'property_': 'warn', 'context': [<snowplow_tracker.self_describing_json.SelfDescribingJson object at 0x7f0849ab5e50>]}
2021-03-29 10:39:20.399294 (Thread-1): Acquiring new snowflake connection "model.pet_store_bi.agg_pet_species_count".
2021-03-29 10:39:21.400889 (Thread-2): handling status request
2021-03-29 10:39:21.401335 (Thread-2): Sending event: {'category': 'dbt', 'action': 'rpc_request', 'label': '7dc6a450-39d8-4972-9945-2a100f3b12bc', 'context': [<snowplow_tracker.self_describing_json.SelfDescribingJson object at 0x7f0849ad71c0>]}
2021-03-29 10:39:21.405426 (Thread-2): sending response (<Response 9728 bytes [200 OK]>) to 10.0.34.70
2021-03-29 10:44:28.311980 (MainThread): Running with dbt=0.18.1
2021-03-29 10:44:28.565723 (MainThread): running dbt with arguments Namespace(cls=<class 'dbt.task.rpc.server.RPCServerTask'>, debug=False, defer=None, exclude=None, host='0.0.0.0', log_cache_events=False, log_format='default', models=None, partial_parse=True, port=8580, profile='user', profiles_dir='/usr/src/develop/.dbt', project_dir=None, record_timing_info=None, rpc_method=None, single_threaded=False, state=None, strict=False, target=None, test_new_parser=False, threads=None, use_cache=True, use_colors=None, vars='{}', version_check=True, warn_error=False, which='rpc', write_json=True)
2021-03-29 10:44:28.577405 (MainThread): Tracking: tracking
2021-03-29 10:44:28.577597 (MainThread): Sending event: {'category': 'dbt', 'action': 'invocation', 'label': 'start', 'context': [<snowplow_tracker.self_describing_json.SelfDescribingJson object at 0x7fbce17c9fd0>, <snowplow_tracker.self_describing_json.SelfDescribingJson object at 0x7fbcda927550>, <snowplow_tracker.self_describing_json.SelfDescribingJson object at 0x7fbcda93bb80>]}
2021-03-29 10:44:28.577958 (MainThread): Serving RPC server at 0.0.0.0:8580, pid=16
2021-03-29 10:44:28.579106 (MainThread): Supported methods: ['cli_args', 'compile', 'compile_sql', 'deps', 'docs.generate', 'gc', 'get-manifest', 'kill', 'poll', 'ps', 'run', 'run-operation', 'run_sql', 'seed', 'snapshot', 'snapshot-freshness', 'status', 'test']
2021-03-29 10:44:28.587925 (MainThread): Send requests to http://localhost:8580/jsonrpc
2021-03-29 10:44:28.594600 (Thread-1): Parsing macros/adapters.sql
2021-03-29 10:44:28.623632 (Thread-1): Parsing macros/catalog.sql
2021-03-29 10:44:28.625595 (Thread-1): Parsing macros/materializations/table.sql
2021-03-29 10:44:28.629372 (Thread-1): Parsing macros/materializations/merge.sql
2021-03-29 10:44:28.631336 (Thread-1): Parsing macros/materializations/incremental.sql
2021-03-29 10:44:28.640969 (Thread-1): Parsing macros/materializations/view.sql
2021-03-29 10:44:28.644973 (Thread-1): Parsing macros/core.sql
2021-03-29 10:44:28.648513 (Thread-1): Parsing macros/materializations/helpers.sql
2021-03-29 10:44:28.657038 (Thread-1): Parsing macros/materializations/common/merge.sql
2021-03-29 10:44:28.670577 (Thread-1): Parsing macros/materializations/snapshot/snapshot_merge.sql
2021-03-29 10:44:28.672334 (Thread-1): Parsing macros/materializations/snapshot/strategies.sql
2021-03-29 10:44:28.689305 (Thread-1): Parsing macros/materializations/snapshot/snapshot.sql
2021-03-29 10:44:28.716903 (Thread-1): Parsing macros/materializations/view/create_or_replace_view.sql
2021-03-29 10:44:28.721649 (Thread-1): Parsing macros/materializations/view/view.sql
2021-03-29 10:44:28.727665 (Thread-1): Parsing macros/materializations/seed/seed.sql
2021-03-29 10:44:28.747294 (Thread-1): Parsing macros/materializations/table/table.sql
2021-03-29 10:44:28.753638 (Thread-1): Parsing macros/materializations/incremental/helpers.sql
2021-03-29 10:44:28.755410 (Thread-1): Parsing macros/materializations/incremental/incremental.sql
2021-03-29 10:44:28.761177 (Thread-1): Parsing macros/etc/is_incremental.sql
2021-03-29 10:44:28.762739 (Thread-1): Parsing macros/etc/query.sql
2021-03-29 10:44:28.763801 (Thread-1): Parsing macros/etc/datetime.sql
2021-03-29 10:44:28.772272 (Thread-1): Parsing macros/etc/get_custom_alias.sql
2021-03-29 10:44:28.773196 (Thread-1): Parsing macros/etc/get_custom_database.sql
2021-03-29 10:44:28.774785 (Thread-1): Parsing macros/etc/get_custom_schema.sql
2021-03-29 10:44:28.776743 (Thread-1): Parsing macros/schema_tests/not_null.sql
2021-03-29 10:44:28.778224 (Thread-1): Parsing macros/schema_tests/accepted_values.sql
2021-03-29 10:44:28.780810 (Thread-1): Parsing macros/schema_tests/relationships.sql
2021-03-29 10:44:28.782621 (Thread-1): Parsing macros/schema_tests/unique.sql
2021-03-29 10:44:28.784344 (Thread-1): Parsing macros/adapters/common.sql
2021-03-29 10:44:28.832291 (Thread-1): * Deprecation Warning: dbt v0.17.0 introduces a new config format for the
dbt_project.yml file. Support for the existing version 1 format will be removed
in a future release of dbt. The following packages are currently configured with
config version 1:
 - pet_store_bi

For upgrading instructions, consult the documentation:
  https://docs.getdbt.com/docs/guides/migration-guide/upgrading-to-0-17-0

2021-03-29 10:44:28.832639 (Thread-1): Sending event: {'category': 'dbt', 'action': 'deprecation', 'label': '5647788b-0a97-4e08-aeff-4b53fb98ed6c', 'property_': 'warn', 'context': [<snowplow_tracker.self_describing_json.SelfDescribingJson object at 0x7fbcda9a1040>]}
2021-03-29 10:44:28.875183 (Thread-1): Acquiring new snowflake connection "model.pet_store_bi.agg_pet_species_count".
2021-03-29 10:44:30.275858 (Thread-2): handling status request
2021-03-29 10:44:30.276308 (Thread-2): Sending event: {'category': 'dbt', 'action': 'rpc_request', 'label': '5647788b-0a97-4e08-aeff-4b53fb98ed6c', 'context': [<snowplow_tracker.self_describing_json.SelfDescribingJson object at 0x7fbcda963670>]}
2021-03-29 10:44:30.280317 (Thread-2): sending response (<Response 9728 bytes [200 OK]>) to 10.0.23.185
2021-03-29 10:44:58.692501 (Thread-3): handling status request
2021-03-29 10:44:58.694249 (Thread-3): Sending event: {'category': 'dbt', 'action': 'rpc_request', 'label': '5647788b-0a97-4e08-aeff-4b53fb98ed6c', 'context': [<snowplow_tracker.self_describing_json.SelfDescribingJson object at 0x7fbce1a280d0>]}
2021-03-29 10:44:58.697590 (Thread-3): sending response (<Response 9728 bytes [200 OK]>) to 10.0.12.250
2021-03-29 10:44:58.821173 (Thread-4): handling status request
2021-03-29 10:44:58.821563 (Thread-4): Sending event: {'category': 'dbt', 'action': 'rpc_request', 'label': '5647788b-0a97-4e08-aeff-4b53fb98ed6c', 'context': [<snowplow_tracker.self_describing_json.SelfDescribingJson object at 0x7fbce1a28220>]}
2021-03-29 10:44:58.824753 (Thread-4): sending response (<Response 9728 bytes [200 OK]>) to 10.0.34.149
2021-03-29 10:44:59.361983 (Thread-5): handling docs.generate request
2021-03-29 10:44:59.362567 (Thread-5): Sending event: {'category': 'dbt', 'action': 'rpc_request', 'label': '5647788b-0a97-4e08-aeff-4b53fb98ed6c', 'context': [<snowplow_tracker.self_describing_json.SelfDescribingJson object at 0x7fbce1a280a0>]}
2021-03-29 10:44:59.363041 (Thread-5): sending response (<Response 792 bytes [200 OK]>) to 10.0.27.46
2021-03-29 10:45:05.154769 (Thread-6): handling status request
2021-03-29 10:45:05.155208 (Thread-6): Sending event: {'category': 'dbt', 'action': 'rpc_request', 'label': '5647788b-0a97-4e08-aeff-4b53fb98ed6c', 'context': [<snowplow_tracker.self_describing_json.SelfDescribingJson object at 0x7fbcda07f250>]}
2021-03-29 10:45:05.158198 (Thread-6): sending response (<Response 9728 bytes [200 OK]>) to 10.0.40.183
2021-03-29 10:45:09.142632 (Thread-7): handling status request
2021-03-29 10:45:09.143047 (Thread-7): Sending event: {'category': 'dbt', 'action': 'rpc_request', 'label': '5647788b-0a97-4e08-aeff-4b53fb98ed6c', 'context': [<snowplow_tracker.self_describing_json.SelfDescribingJson object at 0x7fbcda07f1f0>]}
2021-03-29 10:45:09.146333 (Thread-7): sending response (<Response 9728 bytes [200 OK]>) to 10.0.23.29
2021-03-29 10:45:09.356627 (Thread-8): handling status request
2021-03-29 10:45:09.357066 (Thread-8): Sending event: {'category': 'dbt', 'action': 'rpc_request', 'label': '5647788b-0a97-4e08-aeff-4b53fb98ed6c', 'context': [<snowplow_tracker.self_describing_json.SelfDescribingJson object at 0x7fbcda07f130>]}
2021-03-29 10:45:09.360322 (Thread-8): sending response (<Response 9728 bytes [200 OK]>) to 10.0.0.122
2021-03-29 10:45:09.760381 (Thread-9): handling deps request
2021-03-29 10:45:09.760834 (Thread-9): Sending event: {'category': 'dbt', 'action': 'rpc_request', 'label': '5647788b-0a97-4e08-aeff-4b53fb98ed6c', 'context': [<snowplow_tracker.self_describing_json.SelfDescribingJson object at 0x7fbcda07f880>]}
2021-03-29 10:45:09.795970 (Thread-9): Connection 'model.pet_store_bi.agg_pet_species_count' was properly closed.
2021-03-29 10:45:09.803615 (Thread-9): sending response (<Response 137 bytes [200 OK]>) to 10.0.42.206
2021-03-29 10:45:10.383781 (Thread-10): handling poll request
2021-03-29 10:45:10.384236 (Thread-10): Sending event: {'category': 'dbt', 'action': 'rpc_request', 'label': '5647788b-0a97-4e08-aeff-4b53fb98ed6c', 'context': [<snowplow_tracker.self_describing_json.SelfDescribingJson object at 0x7fbcda054610>]}
2021-03-29 10:45:10.386961 (Thread-10): sending response (<Response 285 bytes [200 OK]>) to 10.0.26.47
2021-03-29 10:45:10.793386 (MainThread): Set downloads directory='/tmp/dbt-downloads-vn_3oygm'
2021-03-29 10:45:10.794185 (MainThread): Executing "git clone --depth 1 https://github.com/boxysean/dbt_pet_store_core.git d6b916e3c31b89d2ebb75769cb3603e4"
2021-03-29 10:45:11.017103 (MainThread): STDOUT: "b''"
2021-03-29 10:45:11.017336 (MainThread): STDERR: "b"Cloning into 'd6b916e3c31b89d2ebb75769cb3603e4'...\n""
2021-03-29 10:45:11.017662 (MainThread): Pulling new dependency d6b916e3c31b89d2ebb75769cb3603e4.
2021-03-29 10:45:11.017725 (MainThread): Executing "git rev-parse HEAD"
2021-03-29 10:45:11.022717 (MainThread): STDOUT: "b'17d5e17d69bc2e576e4ebae16b7568feef673294\n'"
2021-03-29 10:45:11.022920 (MainThread): STDERR: "b''"
2021-03-29 10:45:11.022990 (MainThread):   Checking out branch 1.0.0.
2021-03-29 10:45:11.023033 (MainThread): Executing "git remote set-branches origin 1.0.0"
2021-03-29 10:45:11.027241 (MainThread): STDOUT: "b''"
2021-03-29 10:45:11.027390 (MainThread): STDERR: "b''"
2021-03-29 10:45:11.027440 (MainThread): Executing "git fetch --tags --depth 1 origin 1.0.0"
2021-03-29 10:45:11.154027 (MainThread): STDOUT: "b''"
2021-03-29 10:45:11.154232 (MainThread): STDERR: "b"fatal: Couldn't find remote ref 1.0.0\n""
2021-03-29 10:45:11.154275 (MainThread): command return code=128
2021-03-29 10:45:11.154436 (MainThread): dbt runtime exception
Traceback (most recent call last):
  File "/usr/local/lib/python3.8/dist-packages/dbt/rpc/task_handler.py", line 94, in task_exec
    result = self.task.handle_request()
  File "/usr/local/lib/python3.8/dist-packages/dbt/task/rpc/deps.py", line 34, in handle_request
    self.run()
  File "/usr/local/lib/python3.8/dist-packages/dbt/task/deps.py", line 53, in run
    final_deps = resolve_packages(packages, self.config)
  File "/usr/local/lib/python3.8/dist-packages/dbt/deps/resolver.py", line 137, in resolve_packages
    target = final[package].resolved().fetch_metadata(config, renderer)
  File "/usr/local/lib/python3.8/dist-packages/dbt/deps/base.py", line 85, in fetch_metadata
    self._cached_metadata = self._fetch_metadata(project, renderer)
  File "/usr/local/lib/python3.8/dist-packages/dbt/deps/git.py", line 74, in _fetch_metadata
    path = self._checkout()
  File "/usr/local/lib/python3.8/dist-packages/dbt/deps/git.py", line 59, in _checkout
    dir_ = git.clone_and_checkout(
  File "/usr/local/lib/python3.8/dist-packages/dbt/clients/git.py", line 100, in clone_and_checkout
    checkout(full_path, repo, branch)
  File "/usr/local/lib/python3.8/dist-packages/dbt/clients/git.py", line 60, in checkout
    dbt.exceptions.bad_package_spec(repo, branch, stderr)
  File "/usr/local/lib/python3.8/dist-packages/dbt/exceptions.py", line 618, in bad_package_spec
    raise InternalException(
dbt.exceptions.InternalException: Error checking out spec='1.0.0' for repo https://github.com/boxysean/dbt_pet_store_core.git
fatal: Couldn't find remote ref 1.0.0
2021-03-29 10:45:12.161813 (Thread-11): handling poll request
2021-03-29 10:45:12.162265 (Thread-11): Sending event: {'category': 'dbt', 'action': 'rpc_request', 'label': '5647788b-0a97-4e08-aeff-4b53fb98ed6c', 'context': [<snowplow_tracker.self_describing_json.SelfDescribingJson object at 0x7fbcda0f39a0>]}
2021-03-29 10:45:12.163515 (Thread-11): sending response (<Response 6410 bytes [200 OK]>) to 10.0.12.250
2021-03-29 10:45:12.724358 (Thread-12): handling status request
2021-03-29 10:45:12.724778 (Thread-12): Sending event: {'category': 'dbt', 'action': 'rpc_request', 'label': '5647788b-0a97-4e08-aeff-4b53fb98ed6c', 'context': [<snowplow_tracker.self_describing_json.SelfDescribingJson object at 0x7fbcda0597c0>]}
2021-03-29 10:45:12.726839 (Thread-12): sending response (<Response 18916 bytes [200 OK]>) to 10.0.0.122
2021-03-29 10:45:45.377416 (Thread-13): Got an acceptable cached parse result
2021-03-29 10:45:45.937386 (Thread-14): handling status request
2021-03-29 10:45:45.937815 (Thread-14): Sending event: {'category': 'dbt', 'action': 'rpc_request', 'label': '5647788b-0a97-4e08-aeff-4b53fb98ed6c', 'context': [<snowplow_tracker.self_describing_json.SelfDescribingJson object at 0x7fbcd965b5b0>]}
2021-03-29 10:45:45.938639 (Thread-14): sending response (<Response 682 bytes [200 OK]>) to 10.0.4.5
2021-03-29 10:45:54.410883 (Thread-15): Got an acceptable cached parse result
2021-03-29 10:45:55.006523 (Thread-16): handling status request
2021-03-29 10:45:55.006951 (Thread-16): Sending event: {'category': 'dbt', 'action': 'rpc_request', 'label': '5647788b-0a97-4e08-aeff-4b53fb98ed6c', 'context': [<snowplow_tracker.self_describing_json.SelfDescribingJson object at 0x7fbcd9ee36a0>]}
2021-03-29 10:45:55.007821 (Thread-16): sending response (<Response 682 bytes [200 OK]>) to 10.0.34.149
2021-03-29 10:46:43.581441 (Thread-17): Got an acceptable cached parse result
2021-03-29 10:46:44.108719 (Thread-18): handling status request
2021-03-29 10:46:44.109154 (Thread-18): Sending event: {'category': 'dbt', 'action': 'rpc_request', 'label': '5647788b-0a97-4e08-aeff-4b53fb98ed6c', 'context': [<snowplow_tracker.self_describing_json.SelfDescribingJson object at 0x7fbcd92354c0>]}
2021-03-29 10:46:44.110007 (Thread-18): sending response (<Response 682 bytes [200 OK]>) to 10.0.13.135
2021-03-29 10:46:50.570182 (Thread-19): Got an acceptable cached parse result
2021-03-29 10:46:51.099134 (Thread-20): handling status request
2021-03-29 10:46:51.099644 (Thread-20): Sending event: {'category': 'dbt', 'action': 'rpc_request', 'label': '5647788b-0a97-4e08-aeff-4b53fb98ed6c', 'context': [<snowplow_tracker.self_describing_json.SelfDescribingJson object at 0x7fbcd9fe3ee0>]}
2021-03-29 10:46:51.100502 (Thread-20): sending response (<Response 682 bytes [200 OK]>) to 10.0.0.122
2021-03-29 10:47:02.015130 (Thread-21): handling status request
2021-03-29 10:47:02.015591 (Thread-21): Sending event: {'category': 'dbt', 'action': 'rpc_request', 'label': '5647788b-0a97-4e08-aeff-4b53fb98ed6c', 'context': [<snowplow_tracker.self_describing_json.SelfDescribingJson object at 0x7fbcd943f070>]}
2021-03-29 10:47:02.016429 (Thread-21): sending response (<Response 682 bytes [200 OK]>) to 10.0.26.47
2021-03-29 10:47:02.024012 (Thread-22): handling status request
2021-03-29 10:47:02.024305 (Thread-22): Sending event: {'category': 'dbt', 'action': 'rpc_request', 'label': '5647788b-0a97-4e08-aeff-4b53fb98ed6c', 'context': [<snowplow_tracker.self_describing_json.SelfDescribingJson object at 0x7fbcd960bf10>]}
2021-03-29 10:47:02.024966 (Thread-22): sending response (<Response 682 bytes [200 OK]>) to 10.0.23.185
2021-03-29 10:47:02.686195 (Thread-23): handling deps request
2021-03-29 10:47:02.686630 (Thread-23): Sending event: {'category': 'dbt', 'action': 'rpc_request', 'label': '5647788b-0a97-4e08-aeff-4b53fb98ed6c', 'context': [<snowplow_tracker.self_describing_json.SelfDescribingJson object at 0x7fbcd9203700>]}
2021-03-29 10:47:02.727800 (Thread-23): sending response (<Response 137 bytes [200 OK]>) to 10.0.39.51
2021-03-29 10:47:03.417588 (Thread-24): handling poll request
2021-03-29 10:47:03.418039 (Thread-24): Sending event: {'category': 'dbt', 'action': 'rpc_request', 'label': '5647788b-0a97-4e08-aeff-4b53fb98ed6c', 'context': [<snowplow_tracker.self_describing_json.SelfDescribingJson object at 0x7fbcd9f11e80>]}
2021-03-29 10:47:03.419437 (Thread-24): sending response (<Response 286 bytes [200 OK]>) to 10.0.0.122
2021-03-29 10:47:03.703895 (MainThread): Set downloads directory='/tmp/dbt-downloads-zqi5gidx'
2021-03-29 10:47:03.704657 (MainThread): Executing "git clone --depth 1 https://github.com/boxysean/dbt_pet_store_core.git d6b916e3c31b89d2ebb75769cb3603e4"
2021-03-29 10:47:03.940999 (MainThread): STDOUT: "b''"
2021-03-29 10:47:03.941241 (MainThread): STDERR: "b"Cloning into 'd6b916e3c31b89d2ebb75769cb3603e4'...\n""
2021-03-29 10:47:03.941581 (MainThread): Pulling new dependency d6b916e3c31b89d2ebb75769cb3603e4.
2021-03-29 10:47:03.941644 (MainThread): Executing "git rev-parse HEAD"
2021-03-29 10:47:03.946615 (MainThread): STDOUT: "b'17d5e17d69bc2e576e4ebae16b7568feef673294\n'"
2021-03-29 10:47:03.946820 (MainThread): STDERR: "b''"
2021-03-29 10:47:03.946895 (MainThread):   Checking out branch main.
2021-03-29 10:47:03.946938 (MainThread): Executing "git remote set-branches origin main"
2021-03-29 10:47:03.951388 (MainThread): STDOUT: "b''"
2021-03-29 10:47:03.951544 (MainThread): STDERR: "b''"
2021-03-29 10:47:03.951596 (MainThread): Executing "git fetch --tags --depth 1 origin main"
2021-03-29 10:47:04.162192 (MainThread): STDOUT: "b''"
2021-03-29 10:47:04.162402 (MainThread): STDERR: "b'From https://github.com/boxysean/dbt_pet_store_core\n * branch            main       -> FETCH_HEAD\n'"
2021-03-29 10:47:04.162463 (MainThread): Executing "git tag --list"
2021-03-29 10:47:04.167617 (MainThread): STDOUT: "b''"
2021-03-29 10:47:04.167786 (MainThread): STDERR: "b''"
2021-03-29 10:47:04.167850 (MainThread): Executing "git reset --hard origin/main"
2021-03-29 10:47:04.173062 (MainThread): STDOUT: "b'HEAD is now at 17d5e17 Rm s\n'"
2021-03-29 10:47:04.173232 (MainThread): STDERR: "b''"
2021-03-29 10:47:04.173298 (MainThread): Executing "git rev-parse HEAD"
2021-03-29 10:47:04.176850 (MainThread): STDOUT: "b'17d5e17d69bc2e576e4ebae16b7568feef673294\n'"
2021-03-29 10:47:04.177044 (MainThread): STDERR: "b''"
2021-03-29 10:47:04.177110 (MainThread):   Checked out at 17d5e17.
2021-03-29 10:47:04.210839 (MainThread): Executing "git clone --depth 1 https://github.com/boxysean/dbt_pet_store_core.git d6b916e3c31b89d2ebb75769cb3603e4"
2021-03-29 10:47:04.215225 (MainThread): STDOUT: "b''"
2021-03-29 10:47:04.215435 (MainThread): STDERR: "b"fatal: destination path 'd6b916e3c31b89d2ebb75769cb3603e4' already exists and is not an empty directory.\n""
2021-03-29 10:47:04.215477 (MainThread): command return code=128
2021-03-29 10:47:04.215838 (MainThread): Updating existing dependency d6b916e3c31b89d2ebb75769cb3603e4.
2021-03-29 10:47:04.215896 (MainThread): Executing "git rev-parse HEAD"
2021-03-29 10:47:04.219620 (MainThread): STDOUT: "b'17d5e17d69bc2e576e4ebae16b7568feef673294\n'"
2021-03-29 10:47:04.219808 (MainThread): STDERR: "b''"
2021-03-29 10:47:04.219880 (MainThread):   Checking out branch main.
2021-03-29 10:47:04.219920 (MainThread): Executing "git remote set-branches origin main"
2021-03-29 10:47:04.224444 (MainThread): STDOUT: "b''"
2021-03-29 10:47:04.224631 (MainThread): STDERR: "b''"
2021-03-29 10:47:04.224688 (MainThread): Executing "git fetch --tags --depth 1 origin main"
2021-03-29 10:47:04.434066 (MainThread): STDOUT: "b''"
2021-03-29 10:47:04.434310 (MainThread): STDERR: "b'From https://github.com/boxysean/dbt_pet_store_core\n * branch            main       -> FETCH_HEAD\n'"
2021-03-29 10:47:04.434379 (MainThread): Executing "git tag --list"
2021-03-29 10:47:04.439378 (MainThread): STDOUT: "b''"
2021-03-29 10:47:04.439589 (MainThread): STDERR: "b''"
2021-03-29 10:47:04.439661 (MainThread): Executing "git reset --hard origin/main"
2021-03-29 10:47:04.445096 (MainThread): STDOUT: "b'HEAD is now at 17d5e17 Rm s\n'"
2021-03-29 10:47:04.445300 (MainThread): STDERR: "b''"
2021-03-29 10:47:04.445379 (MainThread): Executing "git rev-parse HEAD"
2021-03-29 10:47:04.449032 (MainThread): STDOUT: "b'17d5e17d69bc2e576e4ebae16b7568feef673294\n'"
2021-03-29 10:47:04.449221 (MainThread): STDERR: "b''"
2021-03-29 10:47:04.449291 (MainThread):   Already at 17d5e17, nothing to do.
2021-03-29 10:47:04.463643 (MainThread): Installing https://github.com/boxysean/dbt_pet_store_core.git@main
2021-03-29 10:47:04.466328 (MainThread): Executing "git clone --depth 1 https://github.com/boxysean/dbt_pet_store_core.git d6b916e3c31b89d2ebb75769cb3603e4"
2021-03-29 10:47:04.470761 (MainThread): STDOUT: "b''"
2021-03-29 10:47:04.470948 (MainThread): STDERR: "b"fatal: destination path 'd6b916e3c31b89d2ebb75769cb3603e4' already exists and is not an empty directory.\n""
2021-03-29 10:47:04.470990 (MainThread): command return code=128
2021-03-29 10:47:04.471104 (MainThread): Updating existing dependency d6b916e3c31b89d2ebb75769cb3603e4.
2021-03-29 10:47:04.471155 (MainThread): Executing "git rev-parse HEAD"
2021-03-29 10:47:04.475312 (MainThread): STDOUT: "b'17d5e17d69bc2e576e4ebae16b7568feef673294\n'"
2021-03-29 10:47:04.475512 (MainThread): STDERR: "b''"
2021-03-29 10:47:04.475588 (MainThread):   Checking out branch main.
2021-03-29 10:47:04.475629 (MainThread): Executing "git remote set-branches origin main"
2021-03-29 10:47:04.480652 (MainThread): STDOUT: "b''"
2021-03-29 10:47:04.480887 (MainThread): STDERR: "b''"
2021-03-29 10:47:04.480969 (MainThread): Executing "git fetch --tags --depth 1 origin main"
2021-03-29 10:47:04.725873 (MainThread): STDOUT: "b''"
2021-03-29 10:47:04.726126 (MainThread): STDERR: "b'From https://github.com/boxysean/dbt_pet_store_core\n * branch            main       -> FETCH_HEAD\n'"
2021-03-29 10:47:04.726197 (MainThread): Executing "git tag --list"
2021-03-29 10:47:04.731220 (MainThread): STDOUT: "b''"
2021-03-29 10:47:04.731459 (MainThread): STDERR: "b''"
2021-03-29 10:47:04.731533 (MainThread): Executing "git reset --hard origin/main"
2021-03-29 10:47:04.736984 (MainThread): STDOUT: "b'HEAD is now at 17d5e17 Rm s\n'"
2021-03-29 10:47:04.737188 (MainThread): STDERR: "b''"
2021-03-29 10:47:04.737261 (MainThread): Executing "git rev-parse HEAD"
2021-03-29 10:47:04.740985 (MainThread): STDOUT: "b'17d5e17d69bc2e576e4ebae16b7568feef673294\n'"
2021-03-29 10:47:04.741186 (MainThread): STDERR: "b''"
2021-03-29 10:47:04.741253 (MainThread):   Already at 17d5e17, nothing to do.
2021-03-29 10:47:05.049228 (Thread-25): handling poll request
2021-03-29 10:47:05.049667 (Thread-25): Sending event: {'category': 'dbt', 'action': 'rpc_request', 'label': '5647788b-0a97-4e08-aeff-4b53fb98ed6c', 'context': [<snowplow_tracker.self_describing_json.SelfDescribingJson object at 0x7fbcda9dda60>]}
2021-03-29 10:47:05.056348 (Thread-25): sending response (<Response 21203 bytes [200 OK]>) to 10.0.13.135
2021-03-29 10:47:06.173863 (MainThread):   Installed from revision main

2021-03-29 10:47:06.174205 (MainThread): Sending event: {'category': 'dbt', 'action': 'package', 'label': 'dafa3bec-a839-4e8c-b024-7cedaaa41673', 'property_': 'install', 'context': [<snowplow_tracker.self_describing_json.SelfDescribingJson object at 0x7f00411ec490>, <snowplow_tracker.self_describing_json.SelfDescribingJson object at 0x7f00411ec040>]}
2021-03-29 10:47:06.400133 (2faf0c24-1275-4b2a-95bd-492c860e72e6-handler-deps): project hash mismatch: values missing, cache invalidated: {'pet_store_core'}
2021-03-29 10:47:06.402007 (2faf0c24-1275-4b2a-95bd-492c860e72e6-handler-deps): Parsing macros/adapters.sql
2021-03-29 10:47:06.429762 (2faf0c24-1275-4b2a-95bd-492c860e72e6-handler-deps): Parsing macros/catalog.sql
2021-03-29 10:47:06.431778 (2faf0c24-1275-4b2a-95bd-492c860e72e6-handler-deps): Parsing macros/materializations/table.sql
2021-03-29 10:47:06.435493 (2faf0c24-1275-4b2a-95bd-492c860e72e6-handler-deps): Parsing macros/materializations/merge.sql
2021-03-29 10:47:06.437386 (2faf0c24-1275-4b2a-95bd-492c860e72e6-handler-deps): Parsing macros/materializations/incremental.sql
2021-03-29 10:47:06.446052 (2faf0c24-1275-4b2a-95bd-492c860e72e6-handler-deps): Parsing macros/materializations/view.sql
2021-03-29 10:47:06.448196 (2faf0c24-1275-4b2a-95bd-492c860e72e6-handler-deps): Parsing macros/core.sql
2021-03-29 10:47:06.451651 (2faf0c24-1275-4b2a-95bd-492c860e72e6-handler-deps): Parsing macros/materializations/helpers.sql
2021-03-29 10:47:06.460161 (2faf0c24-1275-4b2a-95bd-492c860e72e6-handler-deps): Parsing macros/materializations/common/merge.sql
2021-03-29 10:47:06.473807 (2faf0c24-1275-4b2a-95bd-492c860e72e6-handler-deps): Parsing macros/materializations/snapshot/snapshot_merge.sql
2021-03-29 10:47:06.475507 (2faf0c24-1275-4b2a-95bd-492c860e72e6-handler-deps): Parsing macros/materializations/snapshot/strategies.sql
2021-03-29 10:47:06.491493 (2faf0c24-1275-4b2a-95bd-492c860e72e6-handler-deps): Parsing macros/materializations/snapshot/snapshot.sql
2021-03-29 10:47:06.518468 (2faf0c24-1275-4b2a-95bd-492c860e72e6-handler-deps): Parsing macros/materializations/view/create_or_replace_view.sql
2021-03-29 10:47:06.523183 (2faf0c24-1275-4b2a-95bd-492c860e72e6-handler-deps): Parsing macros/materializations/view/view.sql
2021-03-29 10:47:06.529184 (2faf0c24-1275-4b2a-95bd-492c860e72e6-handler-deps): Parsing macros/materializations/seed/seed.sql
2021-03-29 10:47:06.549767 (2faf0c24-1275-4b2a-95bd-492c860e72e6-handler-deps): Parsing macros/materializations/table/table.sql
2021-03-29 10:47:06.556231 (2faf0c24-1275-4b2a-95bd-492c860e72e6-handler-deps): Parsing macros/materializations/incremental/helpers.sql
2021-03-29 10:47:06.558023 (2faf0c24-1275-4b2a-95bd-492c860e72e6-handler-deps): Parsing macros/materializations/incremental/incremental.sql
2021-03-29 10:47:06.563751 (2faf0c24-1275-4b2a-95bd-492c860e72e6-handler-deps): Parsing macros/etc/is_incremental.sql
2021-03-29 10:47:06.565279 (2faf0c24-1275-4b2a-95bd-492c860e72e6-handler-deps): Parsing macros/etc/query.sql
2021-03-29 10:47:06.566278 (2faf0c24-1275-4b2a-95bd-492c860e72e6-handler-deps): Parsing macros/etc/datetime.sql
2021-03-29 10:47:06.574670 (2faf0c24-1275-4b2a-95bd-492c860e72e6-handler-deps): Parsing macros/etc/get_custom_alias.sql
2021-03-29 10:47:06.575606 (2faf0c24-1275-4b2a-95bd-492c860e72e6-handler-deps): Parsing macros/etc/get_custom_database.sql
2021-03-29 10:47:06.577176 (2faf0c24-1275-4b2a-95bd-492c860e72e6-handler-deps): Parsing macros/etc/get_custom_schema.sql
2021-03-29 10:47:06.579047 (2faf0c24-1275-4b2a-95bd-492c860e72e6-handler-deps): Parsing macros/schema_tests/not_null.sql
2021-03-29 10:47:06.580533 (2faf0c24-1275-4b2a-95bd-492c860e72e6-handler-deps): Parsing macros/schema_tests/accepted_values.sql
2021-03-29 10:47:06.583105 (2faf0c24-1275-4b2a-95bd-492c860e72e6-handler-deps): Parsing macros/schema_tests/relationships.sql
2021-03-29 10:47:06.584928 (2faf0c24-1275-4b2a-95bd-492c860e72e6-handler-deps): Parsing macros/schema_tests/unique.sql
2021-03-29 10:47:06.586589 (2faf0c24-1275-4b2a-95bd-492c860e72e6-handler-deps): Parsing macros/adapters/common.sql
2021-03-29 10:47:06.644964 (2faf0c24-1275-4b2a-95bd-492c860e72e6-handler-deps): project hash mismatch: values missing, cache invalidated: {'pet_store_core'}
2021-03-29 10:47:06.669800 (Thread-26): handling poll request
2021-03-29 10:47:06.670183 (Thread-26): Sending event: {'category': 'dbt', 'action': 'rpc_request', 'label': '5647788b-0a97-4e08-aeff-4b53fb98ed6c', 'context': [<snowplow_tracker.self_describing_json.SelfDescribingJson object at 0x7fbcd96004c0>]}
2021-03-29 10:47:06.671224 (Thread-26): sending response (<Response 1094 bytes [200 OK]>) to 10.0.1.135
2021-03-29 10:47:06.675118 (2faf0c24-1275-4b2a-95bd-492c860e72e6-handler-deps): Acquiring new snowflake connection "model.pet_store_bi.agg_pet_species_count".
2021-03-29 10:47:06.799955 (2faf0c24-1275-4b2a-95bd-492c860e72e6-handler-deps): Acquiring new snowflake connection "model.pet_store_core.stg_pets".
2021-03-29 10:47:06.933797 (2faf0c24-1275-4b2a-95bd-492c860e72e6-handler-deps): [WARNING]: Configuration paths exist in your dbt_project.yml file which do not apply to any resources.
There are 1 unused configuration paths:
- models.my_new_project.example

2021-03-29 10:47:08.312993 (Thread-27): handling poll request
2021-03-29 10:47:08.313411 (Thread-27): Sending event: {'category': 'dbt', 'action': 'rpc_request', 'label': '5647788b-0a97-4e08-aeff-4b53fb98ed6c', 'context': [<snowplow_tracker.self_describing_json.SelfDescribingJson object at 0x7fbcd92c3610>]}
2021-03-29 10:47:08.314376 (Thread-27): sending response (<Response 311 bytes [200 OK]>) to 10.0.4.5
2021-03-29 10:47:08.936578 (Thread-28): handling status request
2021-03-29 10:47:08.937038 (Thread-28): Sending event: {'category': 'dbt', 'action': 'rpc_request', 'label': '5647788b-0a97-4e08-aeff-4b53fb98ed6c', 'context': [<snowplow_tracker.self_describing_json.SelfDescribingJson object at 0x7fbcd9f94820>]}
2021-03-29 10:47:08.943249 (Thread-28): sending response (<Response 21907 bytes [200 OK]>) to 10.0.44.253
2021-03-29 10:47:18.196709 (Thread-29): handling status request
2021-03-29 10:47:18.197147 (Thread-29): Sending event: {'category': 'dbt', 'action': 'rpc_request', 'label': '5647788b-0a97-4e08-aeff-4b53fb98ed6c', 'context': [<snowplow_tracker.self_describing_json.SelfDescribingJson object at 0x7fbcd93a99a0>]}
2021-03-29 10:47:18.203282 (Thread-29): sending response (<Response 21907 bytes [200 OK]>) to 10.0.25.211
2021-03-29 10:47:18.573947 (Thread-30): handling status request
2021-03-29 10:47:18.574373 (Thread-30): Sending event: {'category': 'dbt', 'action': 'rpc_request', 'label': '5647788b-0a97-4e08-aeff-4b53fb98ed6c', 'context': [<snowplow_tracker.self_describing_json.SelfDescribingJson object at 0x7fbcd9f921c0>]}
2021-03-29 10:47:18.580496 (Thread-30): sending response (<Response 21907 bytes [200 OK]>) to 10.0.40.183
2021-03-29 10:47:18.818134 (Thread-31): handling docs.generate request
2021-03-29 10:47:18.818542 (Thread-31): Sending event: {'category': 'dbt', 'action': 'rpc_request', 'label': '5647788b-0a97-4e08-aeff-4b53fb98ed6c', 'context': [<snowplow_tracker.self_describing_json.SelfDescribingJson object at 0x7fbcd9f4ba60>]}
2021-03-29 10:47:18.820559 (Thread-31): Connection 'model.pet_store_core.stg_pets' was properly closed.
2021-03-29 10:47:19.797610 (Thread-31): sending response (<Response 137 bytes [200 OK]>) to 10.0.42.206
2021-03-29 10:47:19.825784 (MainThread): Found 2 models, 4 tests, 0 snapshots, 0 analyses, 143 macros, 0 operations, 1 seed file, 0 sources
2021-03-29 10:47:19.826985 (MainThread): 
2021-03-29 10:47:19.827301 (MainThread): Acquiring new snowflake connection "master".
2021-03-29 10:47:19.838992 (ThreadPoolExecutor-0_0): Acquiring new snowflake connection "list_analytics_dbt_smcintyre__pet_store_bi".
2021-03-29 10:47:19.874489 (ThreadPoolExecutor-0_0): Using snowflake connection "list_analytics_dbt_smcintyre__pet_store_bi".
2021-03-29 10:47:19.874606 (ThreadPoolExecutor-0_0): On list_analytics_dbt_smcintyre__pet_store_bi: /* {"app": "dbt", "dbt_version": "0.18.1", "profile_name": "user", "target_name": "default", "connection_name": "master"} */

    show terse objects in analytics.dbt_smcintyre__pet_store_bi
2021-03-29 10:47:19.874665 (ThreadPoolExecutor-0_0): Opening a new connection, currently in state init
2021-03-29 10:47:20.439492 (Thread-32): handling poll request
2021-03-29 10:47:20.439979 (Thread-32): Sending event: {'category': 'dbt', 'action': 'rpc_request', 'label': '5647788b-0a97-4e08-aeff-4b53fb98ed6c', 'context': [<snowplow_tracker.self_describing_json.SelfDescribingJson object at 0x7fbcd9203700>]}
2021-03-29 10:47:20.441975 (Thread-32): sending response (<Response 2603 bytes [200 OK]>) to 10.0.4.5
2021-03-29 10:47:20.766978 (ThreadPoolExecutor-0_0): SQL status: SUCCESS 0 in 0.89 seconds
2021-03-29 10:47:20.767840 (ThreadPoolExecutor-0_0): On list_analytics_dbt_smcintyre__pet_store_bi: Close
2021-03-29 10:47:20.976180 (MainThread): 10:47:20 | Concurrency: 1 threads (target='default')
2021-03-29 10:47:20.976324 (MainThread): 10:47:20 | 
2021-03-29 10:47:20.978159 (Thread-1): Began running node seed.pet_store_core.my_pets
2021-03-29 10:47:20.978507 (Thread-1): Acquiring new snowflake connection "seed.pet_store_core.my_pets".
2021-03-29 10:47:20.978618 (Thread-1): Compiling seed.pet_store_core.my_pets
2021-03-29 10:47:21.011819 (Thread-1): finished collecting timing info
2021-03-29 10:47:21.012206 (Thread-1): finished collecting timing info
2021-03-29 10:47:21.012768 (Thread-1): Finished running node seed.pet_store_core.my_pets
2021-03-29 10:47:21.013651 (Thread-1): Began running node model.pet_store_core.stg_pets
2021-03-29 10:47:21.014004 (Thread-1): Acquiring new snowflake connection "model.pet_store_core.stg_pets".
2021-03-29 10:47:21.014102 (Thread-1): Compiling model.pet_store_core.stg_pets
2021-03-29 10:47:21.044042 (Thread-1): Writing injected SQL for node "model.pet_store_core.stg_pets"
2021-03-29 10:47:21.075857 (Thread-1): finished collecting timing info
2021-03-29 10:47:21.076205 (Thread-1): finished collecting timing info
2021-03-29 10:47:21.076609 (Thread-1): Finished running node model.pet_store_core.stg_pets
2021-03-29 10:47:21.077458 (Thread-1): Began running node model.pet_store_bi.agg_pet_species_count
2021-03-29 10:47:21.077735 (Thread-1): Acquiring new snowflake connection "model.pet_store_bi.agg_pet_species_count".
2021-03-29 10:47:21.077815 (Thread-1): Compiling model.pet_store_bi.agg_pet_species_count
2021-03-29 10:47:21.086068 (Thread-1): Writing injected SQL for node "model.pet_store_bi.agg_pet_species_count"
2021-03-29 10:47:21.112661 (Thread-1): finished collecting timing info
2021-03-29 10:47:21.112993 (Thread-1): finished collecting timing info
2021-03-29 10:47:21.113380 (Thread-1): Finished running node model.pet_store_bi.agg_pet_species_count
2021-03-29 10:47:21.113485 (Thread-1): Began running node test.pet_store_core.not_null_stg_pets_id
2021-03-29 10:47:21.113677 (Thread-1): Acquiring new snowflake connection "test.pet_store_core.not_null_stg_pets_id".
2021-03-29 10:47:21.113745 (Thread-1): Compiling test.pet_store_core.not_null_stg_pets_id
2021-03-29 10:47:21.138570 (Thread-1): Writing injected SQL for node "test.pet_store_core.not_null_stg_pets_id"
2021-03-29 10:47:21.163508 (Thread-1): finished collecting timing info
2021-03-29 10:47:21.163838 (Thread-1): finished collecting timing info
2021-03-29 10:47:21.164225 (Thread-1): Finished running node test.pet_store_core.not_null_stg_pets_id
2021-03-29 10:47:21.164331 (Thread-1): Began running node test.pet_store_core.unique_stg_pets_id
2021-03-29 10:47:21.164520 (Thread-1): Acquiring new snowflake connection "test.pet_store_core.unique_stg_pets_id".
2021-03-29 10:47:21.164589 (Thread-1): Compiling test.pet_store_core.unique_stg_pets_id
2021-03-29 10:47:21.176676 (Thread-1): Writing injected SQL for node "test.pet_store_core.unique_stg_pets_id"
2021-03-29 10:47:21.187638 (Thread-1): finished collecting timing info
2021-03-29 10:47:21.187878 (Thread-1): finished collecting timing info
2021-03-29 10:47:21.188205 (Thread-1): Finished running node test.pet_store_core.unique_stg_pets_id
2021-03-29 10:47:21.188303 (Thread-1): Began running node test.pet_store_bi.not_null_agg_pet_species_count_pet_species
2021-03-29 10:47:21.188480 (Thread-1): Acquiring new snowflake connection "test.pet_store_bi.not_null_agg_pet_species_count_pet_species".
2021-03-29 10:47:21.188543 (Thread-1): Compiling test.pet_store_bi.not_null_agg_pet_species_count_pet_species
2021-03-29 10:47:21.196637 (Thread-1): Writing injected SQL for node "test.pet_store_bi.not_null_agg_pet_species_count_pet_species"
2021-03-29 10:47:21.221819 (Thread-1): finished collecting timing info
2021-03-29 10:47:21.222078 (Thread-1): finished collecting timing info
2021-03-29 10:47:21.222433 (Thread-1): Finished running node test.pet_store_bi.not_null_agg_pet_species_count_pet_species
2021-03-29 10:47:21.222536 (Thread-1): Began running node test.pet_store_bi.unique_agg_pet_species_count_pet_species
2021-03-29 10:47:21.222719 (Thread-1): Acquiring new snowflake connection "test.pet_store_bi.unique_agg_pet_species_count_pet_species".
2021-03-29 10:47:21.222784 (Thread-1): Compiling test.pet_store_bi.unique_agg_pet_species_count_pet_species
2021-03-29 10:47:21.231591 (Thread-1): Writing injected SQL for node "test.pet_store_bi.unique_agg_pet_species_count_pet_species"
2021-03-29 10:47:21.242135 (Thread-1): finished collecting timing info
2021-03-29 10:47:21.242369 (Thread-1): finished collecting timing info
2021-03-29 10:47:21.242693 (Thread-1): Finished running node test.pet_store_bi.unique_agg_pet_species_count_pet_species
2021-03-29 10:47:21.243878 (MainThread): Connection 'master' was properly closed.
2021-03-29 10:47:21.243960 (MainThread): Connection 'test.pet_store_bi.unique_agg_pet_species_count_pet_species' was properly closed.
2021-03-29 10:47:21.285221 (MainThread): 10:47:21 | Done.
2021-03-29 10:47:21.333694 (MainThread): Acquiring new snowflake connection "generate_catalog".
2021-03-29 10:47:21.333825 (MainThread): 10:47:21 | Building catalog
2021-03-29 10:47:21.355051 (ThreadPoolExecutor-1_0): Acquiring new snowflake connection "analytics.information_schema".
2021-03-29 10:47:21.362660 (ThreadPoolExecutor-1_0): Using snowflake connection "analytics.information_schema".
2021-03-29 10:47:21.362748 (ThreadPoolExecutor-1_0): On analytics.information_schema: /* {"app": "dbt", "dbt_version": "0.18.1", "profile_name": "user", "target_name": "default", "connection_name": "analytics.information_schema"} */

    
      with tables as (

          select
              table_catalog as "table_database",
              table_schema as "table_schema",
              table_name as "table_name",
              table_type as "table_type",
              comment as "table_comment",

              -- note: this is the _role_ that owns the table
              table_owner as "table_owner",

              'Clustering Key' as "stats:clustering_key:label",
              clustering_key as "stats:clustering_key:value",
              'The key used to cluster this table' as "stats:clustering_key:description",
              (clustering_key is not null) as "stats:clustering_key:include",

              'Row Count' as "stats:row_count:label",
              row_count as "stats:row_count:value",
              'An approximate count of rows in this table' as "stats:row_count:description",
              (row_count is not null) as "stats:row_count:include",

              'Approximate Size' as "stats:bytes:label",
              bytes as "stats:bytes:value",
              'Approximate size of the table as reported by Snowflake' as "stats:bytes:description",
              (bytes is not null) as "stats:bytes:include",

              'Last Modified' as "stats:last_modified:label",
              to_varchar(convert_timezone('UTC', last_altered), 'yyyy-mm-dd HH24:MI'||'UTC') as "stats:last_modified:value",
              'The timestamp for last update/change' as "stats:last_modified:description",
              (last_altered is not null and table_type='BASE TABLE') as "stats:last_modified:include"

          from analytics.INFORMATION_SCHEMA.tables

      ),

      columns as (

          select
              table_catalog as "table_database",
              table_schema as "table_schema",
              table_name as "table_name",

              column_name as "column_name",
              ordinal_position as "column_index",
              data_type as "column_type",
              comment as "column_comment"

          from analytics.INFORMATION_SCHEMA.columns
      )

      select *
      from tables
      join columns using ("table_database", "table_schema", "table_name")
      where (upper("table_schema") = upper('dbt_smcintyre__pet_store_bi'))
      order by "column_index"
2021-03-29 10:47:21.362808 (ThreadPoolExecutor-1_0): Opening a new connection, currently in state init
2021-03-29 10:47:22.115192 (Thread-33): handling poll request
2021-03-29 10:47:22.115737 (Thread-33): Sending event: {'category': 'dbt', 'action': 'rpc_request', 'label': '5647788b-0a97-4e08-aeff-4b53fb98ed6c', 'context': [<snowplow_tracker.self_describing_json.SelfDescribingJson object at 0x7fbcd95e6310>]}
2021-03-29 10:47:22.301465 (Thread-33): sending response (<Response 28327 bytes [200 OK]>) to 10.0.0.122
2021-03-29 10:47:24.179142 (Thread-34): handling poll request
2021-03-29 10:47:24.179624 (Thread-34): Sending event: {'category': 'dbt', 'action': 'rpc_request', 'label': '5647788b-0a97-4e08-aeff-4b53fb98ed6c', 'context': [<snowplow_tracker.self_describing_json.SelfDescribingJson object at 0x7fbcd935e910>]}
2021-03-29 10:47:24.180511 (Thread-34): sending response (<Response 295 bytes [200 OK]>) to 10.0.13.135
2021-03-29 10:47:24.235127 (ThreadPoolExecutor-1_0): SQL status: SUCCESS 0 in 2.87 seconds
2021-03-29 10:47:24.239433 (ThreadPoolExecutor-1_0): On analytics.information_schema: Close
2021-03-29 10:47:24.511051 (MainThread): 10:47:24 | Catalog written to /usr/src/develop/user-12098/environment-23950/repository-19290/target/catalog.json
2021-03-29 10:47:27.534983 (Thread-35): handling poll request
2021-03-29 10:47:27.535877 (Thread-35): Sending event: {'category': 'dbt', 'action': 'rpc_request', 'label': '5647788b-0a97-4e08-aeff-4b53fb98ed6c', 'context': [<snowplow_tracker.self_describing_json.SelfDescribingJson object at 0x7fbcd94a53d0>]}
2021-03-29 10:47:27.537659 (Thread-35): sending response (<Response 1321 bytes [200 OK]>) to 10.0.44.253
2021-03-29 10:47:28.320385 (Thread-36): handling status request
2021-03-29 10:47:28.320821 (Thread-36): Sending event: {'category': 'dbt', 'action': 'rpc_request', 'label': '5647788b-0a97-4e08-aeff-4b53fb98ed6c', 'context': [<snowplow_tracker.self_describing_json.SelfDescribingJson object at 0x7fbcd935e070>]}
2021-03-29 10:47:28.327219 (Thread-36): sending response (<Response 21907 bytes [200 OK]>) to 10.0.1.135
